<?xml version="1.0" encoding="UTF-8"?>
<!-- Generated by org.testng.reporters.JUnitReportReporter -->
<testsuite hostname="DESKTOP-DL9MVUM" failures="0" tests="1" name="assertion.ToLearnSoftAssert" time="11.491" errors="0" timestamp="2026-06-24T11:56:48 IST" skipped="0">
  <testcase classname="assertion.ToLearnSoftAssert" name="login" time="11.491">
    <system-out>
      <![CDATA[Login page is displayed
Home page is displayed]]>
    </system-out>
  </testcase> <!-- login -->
  <system-out>
    <![CDATA[Login page is displayed
Home page is displayed]]>
  </system-out>
</testsuite> <!-- assertion.ToLearnSoftAssert -->
