<?xml version="1.0" encoding="UTF-8"?>
<!-- Generated by org.testng.reporters.JUnitReportReporter -->
<testsuite hostname="DESKTOP-DL9MVUM" failures="0" tests="1" name="testNG.TestScript1" time="3.908" errors="0" timestamp="2026-06-24T10:51:34 IST" skipped="0">
  <testcase classname="testNG.TestScript1" name="clickOnBooks" time="3.908">
    <system-out>
      <![CDATA[Bookspage is displayed]]>
    </system-out>
  </testcase> <!-- clickOnBooks -->
  <system-out>
    <![CDATA[Bookspage is displayed]]>
  </system-out>
</testsuite> <!-- testNG.TestScript1 -->
