<?xml version="1.0" encoding="UTF-8"?>
<!-- Generated by org.testng.reporters.JUnitReportReporter -->
<testsuite hostname="DESKTOP-DL9MVUM" failures="0" tests="5" name="testNG.annotationAttributes" time="43.686" errors="0" timestamp="2026-06-24T10:47:54 IST" skipped="0">
  <testcase classname="testNG.annotationAttributes" name="login" time="7.811">
    <system-out>
      <![CDATA[LoginPage is displayed]]>
    </system-out>
  </testcase> <!-- login -->
  <testcase classname="testNG.annotationAttributes" name="Register" time="14.629">
    <system-out>
      <![CDATA[RegisterPage is Displayed]]>
    </system-out>
  </testcase> <!-- Register -->
  <testcase classname="testNG.annotationAttributes" name="Register" time="8.419">
    <system-out>
      <![CDATA[RegisterPage is Displayed]]>
    </system-out>
  </testcase> <!-- Register -->
  <testcase classname="testNG.annotationAttributes" name="Register" time="7.045">
    <system-out>
      <![CDATA[RegisterPage is Displayed]]>
    </system-out>
  </testcase> <!-- Register -->
  <testcase classname="testNG.annotationAttributes" name="Register" time="5.782">
    <system-out>
      <![CDATA[RegisterPage is Displayed]]>
    </system-out>
  </testcase> <!-- Register -->
  <system-out>
    <![CDATA[RegisterPage is Displayed
RegisterPage is Displayed
RegisterPage is Displayed
RegisterPage is Displayed
LoginPage is displayed]]>
  </system-out>
</testsuite> <!-- testNG.annotationAttributes -->
