<?xml version="1.0" encoding="UTF-8"?>
<!-- Generated by org.testng.reporters.JUnitReportReporter -->
<testsuite hostname="DESKTOP-DL9MVUM" failures="0" tests="1" name="testNG.ConfigurationsAnnotations" time="0.018" errors="0" timestamp="2026-06-24T10:37:04 IST" skipped="0">
  <testcase classname="testNG.ConfigurationsAnnotations" name="demo" time="0.018">
    <system-out>
      <![CDATA[Testscript is executed]]>
    </system-out>
  </testcase> <!-- demo -->
  <system-out>
    <![CDATA[Before suite is executed
Before Test is executed
Before class is executed
Before Method is executed
Testscript is executed
After Method is executed
After class is executed
After test is executed
After suite is executed]]>
  </system-out>
</testsuite> <!-- testNG.ConfigurationsAnnotations -->
