<?xml version="1.0" encoding="UTF-8"?>
<!-- Generated by org.testng.reporters.JUnitReportReporter -->
<testsuite hostname="DESKTOP-DL9MVUM" failures="0" tests="1" name="assertion.ToLearnHardAssert" time="10.821" errors="0" timestamp="2026-06-24T11:41:47 IST" skipped="0">
  <testcase classname="assertion.ToLearnHardAssert" name="login" time="10.821">
    <system-out>
      <![CDATA[Login page is displayed
Home page is displayed]]>
    </system-out>
  </testcase> <!-- login -->
  <system-out>
    <![CDATA[Login page is displayed
Home page is displayed]]>
  </system-out>
</testsuite> <!-- assertion.ToLearnHardAssert -->
