<?xml version="1.0" encoding="UTF-8"?>
<!-- Generated by org.testng.reporters.JUnitReportReporter -->
<testsuite hostname="DESKTOP-DL9MVUM" failures="0" tests="1" name="testNG.suzuki" time="4.565" errors="0" timestamp="2026-06-23T11:06:46 IST" skipped="0">
  <testcase classname="testNG.suzuki" name="launch" time="4.565">
    <system-out>
      <![CDATA[Suzuki is Launched]]>
    </system-out>
  </testcase> <!-- launch -->
  <system-out>
    <![CDATA[Suzuki is Launched
BMW is Launched
Bajaj is Launched]]>
  </system-out>
</testsuite> <!-- testNG.suzuki -->
